Using pre-set license
Built from '2021.1/china_unity/release' branch; Version is '2021.1.3f1c1 (3ff389b9352a) revision 4191113'; Using compiler version '192528614'; Build Type 'Release'
OS: 'Windows 10 Enterprise; OS build 18363.904; Version 1909; 64bit' Language: 'zh' Physical Memory: 16266 MB
BatchMode: 1, IsHumanControllingUs: 0, StartBugReporterOnCrash: 0, Is64bit: 1, IsPro: 0

 COMMAND LINE ARGUMENTS:
D:\unity\Unity 2021.1.3f1c1\Editor\Unity.exe
-adb2
-batchMode
-noUpm
-name
AssetImportWorker0
-projectPath
D:/unity/Exercise_H1/Exercise_H1
-logFile
Logs/AssetImportWorker0.log
-srvPort
2625
Successfully changed project path to: D:/unity/Exercise_H1/Exercise_H1
D:/unity/Exercise_H1/Exercise_H1
Using Asset Import Pipeline V2.
Refreshing native plugins compatible for Editor in 105.44 ms, found 2 plugins.
Preloading 0 native plugins for Editor in 0.00 ms.
Initialize engine version: 2021.1.3f1c1 (3ff389b9352a)
[Subsystems] Discovering subsystems at path D:/unity/Unity 2021.1.3f1c1/Editor/Data/Resources/UnitySubsystems
[Subsystems] Discovering subsystems at path D:/unity/Exercise_H1/Exercise_H1/Assets
GfxDevice: creating device client; threaded=0; jobified=0
Direct3D:
    Version:  Direct3D 11.0 [level 11.1]
    Renderer: NVIDIA GeForce GTX 1650 (ID=0x1f82)
    Vendor:   NVIDIA
    VRAM:     3962 MB
    Driver:   26.21.14.4587
Initialize mono
Mono path[0] = 'D:/unity/Unity 2021.1.3f1c1/Editor/Data/Managed'
Mono path[1] = 'D:/unity/Unity 2021.1.3f1c1/Editor/Data/MonoBleedingEdge/lib/mono/unityjit'
Mono config path = 'D:/unity/Unity 2021.1.3f1c1/Editor/Data/MonoBleedingEdge/etc'
Using monoOptions --debugger-agent=transport=dt_socket,embedding=1,server=y,suspend=n,address=127.0.0.1:56088
Begin MonoManager ReloadAssembly
Registering precompiled unity dll's ...
Register platform support module: D:/unity/Unity 2021.1.3f1c1/Editor/Data/PlaybackEngines/WindowsStandaloneSupport/UnityEditor.WindowsStandalone.Extensions.dll
Registered in 0.001390 seconds.
Native extension for WindowsStandalone target not found
Refreshing native plugins compatible for Editor in 106.27 ms, found 2 plugins.
Preloading 0 native plugins for Editor in 0.00 ms.
Mono: successfully reloaded assembly
- Completed reload, in  1.244 seconds
Platform modules already initialized, skipping
Registering precompiled user dll's ...
Registered in 0.005377 seconds.
Begin MonoManager ReloadAssembly
Native extension for WindowsStandalone target not found
Refreshing native plugins compatible for Editor in 105.16 ms, found 2 plugins.
Preloading 0 native plugins for Editor in 0.00 ms.
Mono: successfully reloaded assembly
- Completed reload, in  1.279 seconds
Platform modules already initialized, skipping
========================================================================
Worker process is ready to serve import requests
Launched and connected shader compiler UnityShaderCompiler.exe after 0.11 seconds
Refreshing native plugins compatible for Editor in 0.70 ms, found 2 plugins.
Preloading 0 native plugins for Editor in 0.00 ms.
Unloading 3546 Unused Serialized files (Serialized files now loaded: 0)
System memory in use before: 134.0 MB.
System memory in use after: 134.2 MB.

Unloading 25 unused Assets to reduce memory usage. Loaded Objects now: 4004.
Total: 3.417800 ms (FindLiveObjects: 0.603900 ms CreateObjectMapping: 0.266500 ms MarkObjects: 2.474900 ms  DeleteObjects: 0.071000 ms)

========================================================================
Received Import Request.
  path: Assets/Scenes/Main Menu.unity
  artifactKey: Guid(75146d423f540ab44a7ff83f3e626285) Importer(815301076,1909f56bfc062723c751e8b465ee728b)
Start importing Assets/Scenes/Main Menu.unity using Guid(75146d423f540ab44a7ff83f3e626285) Importer(815301076,1909f56bfc062723c751e8b465ee728b)  -> (artifact id: 'bd70895d1f784ef528fed3fa97d1f482') in 0.013305 seconds 
========================================================================
Received Import Request.
  Time since last request: 8399.135323 seconds.
  path: Assets/Scenes/Main Menu.unity
  artifactKey: Guid(75146d423f540ab44a7ff83f3e626285) Importer(815301076,1909f56bfc062723c751e8b465ee728b)
Start importing Assets/Scenes/Main Menu.unity using Guid(75146d423f540ab44a7ff83f3e626285) Importer(815301076,1909f56bfc062723c751e8b465ee728b)  -> (artifact id: '3d5345b18ab78dd4bc1a261776abd404') in 0.020644 seconds 
========================================================================
Received Prepare
Registering precompiled user dll's ...
Registered in 0.004825 seconds.
Begin MonoManager ReloadAssembly
Native extension for WindowsStandalone target not found
Refreshing native plugins compatible for Editor in 0.69 ms, found 2 plugins.
Preloading 0 native plugins for Editor in 0.00 ms.
Mono: successfully reloaded assembly
- Completed reload, in  1.109 seconds
Platform modules already initialized, skipping
Refreshing native plugins compatible for Editor in 0.62 ms, found 2 plugins.
Preloading 0 native plugins for Editor in 0.00 ms.
Unloading 3534 Unused Serialized files (Serialized files now loaded: 0)
System memory in use before: 133.3 MB.
System memory in use after: 133.6 MB.

Unloading 13 unused Assets to reduce memory usage. Loaded Objects now: 4008.
Total: 3.527100 ms (FindLiveObjects: 0.326800 ms CreateObjectMapping: 0.196600 ms MarkObjects: 2.977000 ms  DeleteObjects: 0.025300 ms)

========================================================================
Received Import Request.
  Time since last request: 112.491329 seconds.
  path: Assets/Scenes/Main Menu.unity
  artifactKey: Guid(75146d423f540ab44a7ff83f3e626285) Importer(815301076,1909f56bfc062723c751e8b465ee728b)
Start importing Assets/Scenes/Main Menu.unity using Guid(75146d423f540ab44a7ff83f3e626285) Importer(815301076,1909f56bfc062723c751e8b465ee728b)  -> (artifact id: 'a7ac9296fc6b340d1c4001660b00c152') in 0.013031 seconds 
========================================================================
Received Prepare
Registering precompiled user dll's ...
Registered in 0.004825 seconds.
Begin MonoManager ReloadAssembly
Native extension for WindowsStandalone target not found
Refreshing native plugins compatible for Editor in 0.70 ms, found 2 plugins.
Preloading 0 native plugins for Editor in 0.00 ms.
Mono: successfully reloaded assembly
- Completed reload, in  1.012 seconds
Platform modules already initialized, skipping
Refreshing native plugins compatible for Editor in 0.72 ms, found 2 plugins.
Preloading 0 native plugins for Editor in 0.00 ms.
Unloading 3534 Unused Serialized files (Serialized files now loaded: 0)
System memory in use before: 133.4 MB.
System memory in use after: 133.6 MB.

Unloading 13 unused Assets to reduce memory usage. Loaded Objects now: 4012.
Total: 2.829000 ms (FindLiveObjects: 0.296200 ms CreateObjectMapping: 0.244100 ms MarkObjects: 2.261300 ms  DeleteObjects: 0.025900 ms)

========================================================================
Received Import Request.
  Time since last request: 914.082288 seconds.
  path: Assets/Scenes/Main Menu.unity
  artifactKey: Guid(75146d423f540ab44a7ff83f3e626285) Importer(815301076,1909f56bfc062723c751e8b465ee728b)
Start importing Assets/Scenes/Main Menu.unity using Guid(75146d423f540ab44a7ff83f3e626285) Importer(815301076,1909f56bfc062723c751e8b465ee728b)  -> (artifact id: '04f9a2b7529c678aa8a2f03864d11507') in 0.016516 seconds 
AssetImportWorkerClient::OnTransportError - code=2 error=End of file
