Using pre-set license
Built from '2021.1/china_unity/release' branch; Version is '2021.1.3f1c1 (3ff389b9352a) revision 4191113'; Using compiler version '192528614'; Build Type 'Release'
OS: 'Windows 10 Enterprise; OS build 18363.904; Version 1909; 64bit' Language: 'zh' Physical Memory: 16266 MB
BatchMode: 1, IsHumanControllingUs: 0, StartBugReporterOnCrash: 0, Is64bit: 1, IsPro: 0

 COMMAND LINE ARGUMENTS:
D:\unity\Unity 2021.1.3f1c1\Editor\Unity.exe
-adb2
-batchMode
-noUpm
-name
AssetImportWorker0
-projectPath
D:/unity/Exercise_H1/Exercise_H1
-logFile
Logs/AssetImportWorker0.log
-srvPort
2999
Successfully changed project path to: D:/unity/Exercise_H1/Exercise_H1
D:/unity/Exercise_H1/Exercise_H1
Using Asset Import Pipeline V2.
Refreshing native plugins compatible for Editor in 97.78 ms, found 2 plugins.
Preloading 0 native plugins for Editor in 0.00 ms.
Initialize engine version: 2021.1.3f1c1 (3ff389b9352a)
[Subsystems] Discovering subsystems at path D:/unity/Unity 2021.1.3f1c1/Editor/Data/Resources/UnitySubsystems
[Subsystems] Discovering subsystems at path D:/unity/Exercise_H1/Exercise_H1/Assets
GfxDevice: creating device client; threaded=0; jobified=0
Direct3D:
    Version:  Direct3D 11.0 [level 11.1]
    Renderer: NVIDIA GeForce GTX 1650 (ID=0x1f82)
    Vendor:   NVIDIA
    VRAM:     3962 MB
    Driver:   26.21.14.4587
Initialize mono
Mono path[0] = 'D:/unity/Unity 2021.1.3f1c1/Editor/Data/Managed'
Mono path[1] = 'D:/unity/Unity 2021.1.3f1c1/Editor/Data/MonoBleedingEdge/lib/mono/unityjit'
Mono config path = 'D:/unity/Unity 2021.1.3f1c1/Editor/Data/MonoBleedingEdge/etc'
Using monoOptions --debugger-agent=transport=dt_socket,embedding=1,server=y,suspend=n,address=127.0.0.1:56076
Begin MonoManager ReloadAssembly
Registering precompiled unity dll's ...
Register platform support module: D:/unity/Unity 2021.1.3f1c1/Editor/Data/PlaybackEngines/WindowsStandaloneSupport/UnityEditor.WindowsStandalone.Extensions.dll
Registered in 0.001195 seconds.
Native extension for WindowsStandalone target not found
Refreshing native plugins compatible for Editor in 98.46 ms, found 2 plugins.
Preloading 0 native plugins for Editor in 0.00 ms.
Mono: successfully reloaded assembly
- Completed reload, in  1.139 seconds
Platform modules already initialized, skipping
Registering precompiled user dll's ...
Registered in 0.004465 seconds.
Begin MonoManager ReloadAssembly
Native extension for WindowsStandalone target not found
Refreshing native plugins compatible for Editor in 94.43 ms, found 2 plugins.
Preloading 0 native plugins for Editor in 0.00 ms.
Mono: successfully reloaded assembly
- Completed reload, in  1.084 seconds
Platform modules already initialized, skipping
========================================================================
Worker process is ready to serve import requests
Launched and connected shader compiler UnityShaderCompiler.exe after 0.06 seconds
Refreshing native plugins compatible for Editor in 0.66 ms, found 2 plugins.
Preloading 0 native plugins for Editor in 0.00 ms.
Unloading 3593 Unused Serialized files (Serialized files now loaded: 0)
System memory in use before: 137.0 MB.
System memory in use after: 137.2 MB.

Unloading 25 unused Assets to reduce memory usage. Loaded Objects now: 4051.
Total: 2.780200 ms (FindLiveObjects: 0.375700 ms CreateObjectMapping: 0.203300 ms MarkObjects: 2.131200 ms  DeleteObjects: 0.069100 ms)

========================================================================
Received Import Request.
  path: Assets/Scenes/Level01.unity
  artifactKey: Guid(2cda990e2423bbf4892e6590ba056729) Importer(815301076,1909f56bfc062723c751e8b465ee728b)
Start importing Assets/Scenes/Level01.unity using Guid(2cda990e2423bbf4892e6590ba056729) Importer(815301076,1909f56bfc062723c751e8b465ee728b)  -> (artifact id: 'c52b95030a1cf62bdf1a50d2c723a02d') in 0.014863 seconds 
========================================================================
Received Prepare
Registering precompiled user dll's ...
Registered in 0.004677 seconds.
Begin MonoManager ReloadAssembly
Native extension for WindowsStandalone target not found
Refreshing native plugins compatible for Editor in 0.67 ms, found 2 plugins.
Preloading 0 native plugins for Editor in 0.00 ms.
Mono: successfully reloaded assembly
- Completed reload, in  0.925 seconds
Platform modules already initialized, skipping
Refreshing native plugins compatible for Editor in 0.69 ms, found 2 plugins.
Preloading 0 native plugins for Editor in 0.00 ms.
Unloading 3568 Unused Serialized files (Serialized files now loaded: 0)
System memory in use before: 135.0 MB.
System memory in use after: 135.3 MB.

Unloading 13 unused Assets to reduce memory usage. Loaded Objects now: 4055.
Total: 2.605500 ms (FindLiveObjects: 0.422900 ms CreateObjectMapping: 0.245100 ms MarkObjects: 1.910600 ms  DeleteObjects: 0.026000 ms)

========================================================================
Received Import Request.
  Time since last request: 66.456659 seconds.
  path: Assets/Scenes/Main Menu.unity
  artifactKey: Guid(75146d423f540ab44a7ff83f3e626285) Importer(815301076,1909f56bfc062723c751e8b465ee728b)
Start importing Assets/Scenes/Main Menu.unity using Guid(75146d423f540ab44a7ff83f3e626285) Importer(815301076,1909f56bfc062723c751e8b465ee728b)  -> (artifact id: '2649aadbedf96a0428d5e913c13ef7db') in 0.013697 seconds 
========================================================================
Received Prepare
Registering precompiled user dll's ...
Registered in 0.004402 seconds.
Begin MonoManager ReloadAssembly
Native extension for WindowsStandalone target not found
Refreshing native plugins compatible for Editor in 0.67 ms, found 2 plugins.
Preloading 0 native plugins for Editor in 0.00 ms.
Mono: successfully reloaded assembly
- Completed reload, in  0.913 seconds
Platform modules already initialized, skipping
Refreshing native plugins compatible for Editor in 0.66 ms, found 2 plugins.
Preloading 0 native plugins for Editor in 0.00 ms.
Unloading 3568 Unused Serialized files (Serialized files now loaded: 0)
System memory in use before: 135.1 MB.
System memory in use after: 135.3 MB.

Unloading 13 unused Assets to reduce memory usage. Loaded Objects now: 4059.
Total: 2.635900 ms (FindLiveObjects: 0.329100 ms CreateObjectMapping: 0.186500 ms MarkObjects: 2.097700 ms  DeleteObjects: 0.021700 ms)

AssetImportWorkerClient::OnTransportError - code=2 error=End of file
